0:0:0:0:0:0:0:1 - - [14/Mar/2017:12:48:14 +0100] "GET / HTTP/1.1" 200 855
0:0:0:0:0:0:0:1 - - [14/Mar/2017:14:38:27 +0100] "GET / HTTP/1.1" 200 855
0:0:0:0:0:0:0:1 - - [14/Mar/2017:14:38:27 +0100] "GET /css/bootstrap.min.css HTTP/1.1" 200 83054
0:0:0:0:0:0:0:1 - - [14/Mar/2017:14:38:31 +0100] "GET /?form HTTP/1.1" 200 915
0:0:0:0:0:0:0:1 - - [14/Mar/2017:14:38:36 +0100] "POST /?form HTTP/1.1" 302 -
0:0:0:0:0:0:0:1 - - [14/Mar/2017:14:38:36 +0100] "GET /1;jsessionid=A11360D4D6B92CE52EFC53B670FD70D2 HTTP/1.1" 200 934
0:0:0:0:0:0:0:1 - - [14/Mar/2017:14:38:38 +0100] "GET / HTTP/1.1" 200 916
0:0:0:0:0:0:0:1 - - [14/Mar/2017:14:51:56 +0100] "GET / HTTP/1.1" 200 916
0:0:0:0:0:0:0:1 - - [14/Mar/2017:14:51:56 +0100] "GET /css/bootstrap.min.css HTTP/1.1" 304 -
0:0:0:0:0:0:0:1 - - [14/Mar/2017:14:54:34 +0100] "GET / HTTP/1.1" 200 894
0:0:0:0:0:0:0:1 - - [14/Mar/2017:14:54:49 +0100] "GET / HTTP/1.1" 200 894
0:0:0:0:0:0:0:1 - - [14/Mar/2017:14:54:50 +0100] "GET / HTTP/1.1" 200 894
0:0:0:0:0:0:0:1 - - [14/Mar/2017:14:54:52 +0100] "GET / HTTP/1.1" 200 894
0:0:0:0:0:0:0:1 - - [14/Mar/2017:14:54:58 +0100] "GET / HTTP/1.1" 200 894
0:0:0:0:0:0:0:1 - - [14/Mar/2017:14:59:05 +0100] "GET / HTTP/1.1" 500 394
0:0:0:0:0:0:0:1 - - [14/Mar/2017:14:59:05 +0100] "GET /favicon.ico HTTP/1.1" 200 2862
0:0:0:0:0:0:0:1 - - [14/Mar/2017:14:59:11 +0100] "GET / HTTP/1.1" 500 394
0:0:0:0:0:0:0:1 - - [14/Mar/2017:15:01:03 +0100] "GET / HTTP/1.1" 200 1550
0:0:0:0:0:0:0:1 - - [14/Mar/2017:15:01:03 +0100] "GET /css/bootstrap.min.css HTTP/1.1" 200 83054
0:0:0:0:0:0:0:1 - - [14/Mar/2017:15:02:25 +0100] "GET / HTTP/1.1" 200 1537
0:0:0:0:0:0:0:1 - - [14/Mar/2017:15:02:29 +0100] "GET /Modal HTTP/1.1" 400 668
0:0:0:0:0:0:0:1 - - [14/Mar/2017:15:02:49 +0100] "GET /Modal HTTP/1.1" 400 668
0:0:0:0:0:0:0:1 - - [14/Mar/2017:15:02:53 +0100] "GET / HTTP/1.1" 200 1537
0:0:0:0:0:0:0:1 - - [14/Mar/2017:15:02:54 +0100] "GET / HTTP/1.1" 200 1537
0:0:0:0:0:0:0:1 - - [14/Mar/2017:15:02:54 +0100] "GET / HTTP/1.1" 200 1537
0:0:0:0:0:0:0:1 - - [14/Mar/2017:15:05:23 +0100] "GET /Modal HTTP/1.1" 400 668
0:0:0:0:0:0:0:1 - - [14/Mar/2017:15:05:26 +0100] "GET / HTTP/1.1" 200 1538
0:0:0:0:0:0:0:1 - - [14/Mar/2017:15:05:26 +0100] "GET /css/bootstrap.min.css HTTP/1.1" 304 -
0:0:0:0:0:0:0:1 - - [14/Mar/2017:15:08:33 +0100] "GET / HTTP/1.1" 200 1723
0:0:0:0:0:0:0:1 - - [14/Mar/2017:15:08:35 +0100] "GET / HTTP/1.1" 200 1723
0:0:0:0:0:0:0:1 - - [14/Mar/2017:15:14:14 +0100] "GET / HTTP/1.1" 500 395
0:0:0:0:0:0:0:1 - - [14/Mar/2017:15:14:20 +0100] "GET / HTTP/1.1" 500 395
0:0:0:0:0:0:0:1 - - [14/Mar/2017:15:15:20 +0100] "GET / HTTP/1.1" 500 395
0:0:0:0:0:0:0:1 - - [14/Mar/2017:15:15:28 +0100] "GET / HTTP/1.1" 500 395
0:0:0:0:0:0:0:1 - - [14/Mar/2017:15:17:43 +0100] "GET / HTTP/1.1" 500 395
0:0:0:0:0:0:0:1 - - [14/Mar/2017:15:17:43 +0100] "GET /favicon.ico HTTP/1.1" 200 2862
0:0:0:0:0:0:0:1 - - [14/Mar/2017:15:17:43 +0100] "GET / HTTP/1.1" 500 395
0:0:0:0:0:0:0:1 - - [14/Mar/2017:15:17:43 +0100] "GET /favicon.ico HTTP/1.1" 200 2862
0:0:0:0:0:0:0:1 - - [14/Mar/2017:15:19:16 +0100] "GET / HTTP/1.1" 500 395
0:0:0:0:0:0:0:1 - - [14/Mar/2017:15:20:29 +0100] "GET / HTTP/1.1" 500 395
0:0:0:0:0:0:0:1 - - [14/Mar/2017:15:20:29 +0100] "GET /favicon.ico HTTP/1.1" 200 2862
0:0:0:0:0:0:0:1 - - [14/Mar/2017:15:21:29 +0100] "GET / HTTP/1.1" 200 2050
0:0:0:0:0:0:0:1 - - [14/Mar/2017:15:21:29 +0100] "GET /css/bootstrap.min.css HTTP/1.1" 304 -
0:0:0:0:0:0:0:1 - - [14/Mar/2017:15:21:30 +0100] "GET /favicon.ico HTTP/1.1" 200 2862
0:0:0:0:0:0:0:1 - - [14/Mar/2017:15:24:41 +0100] "GET / HTTP/1.1" 200 2116
0:0:0:0:0:0:0:1 - - [14/Mar/2017:15:24:41 +0100] "GET /favicon.ico HTTP/1.1" 200 2862
0:0:0:0:0:0:0:1 - - [14/Mar/2017:15:24:42 +0100] "GET / HTTP/1.1" 200 2116
0:0:0:0:0:0:0:1 - - [14/Mar/2017:15:24:42 +0100] "GET /favicon.ico HTTP/1.1" 200 2862
0:0:0:0:0:0:0:1 - - [14/Mar/2017:15:26:03 +0100] "GET / HTTP/1.1" 200 2116
0:0:0:0:0:0:0:1 - - [14/Mar/2017:15:26:03 +0100] "GET /favicon.ico HTTP/1.1" 200 2862
0:0:0:0:0:0:0:1 - - [14/Mar/2017:15:26:05 +0100] "GET / HTTP/1.1" 200 2116
0:0:0:0:0:0:0:1 - - [14/Mar/2017:15:26:12 +0100] "GET / HTTP/1.1" 200 2116
0:0:0:0:0:0:0:1 - - [14/Mar/2017:15:26:12 +0100] "GET /favicon.ico HTTP/1.1" 200 2862
0:0:0:0:0:0:0:1 - - [14/Mar/2017:15:29:53 +0100] "GET / HTTP/1.1" 200 2174
0:0:0:0:0:0:0:1 - - [14/Mar/2017:15:29:53 +0100] "GET /favicon.ico HTTP/1.1" 200 2862
0:0:0:0:0:0:0:1 - - [14/Mar/2017:16:27:38 +0100] "GET / HTTP/1.1" 200 2170
0:0:0:0:0:0:0:1 - - [14/Mar/2017:16:27:38 +0100] "GET /css/bootstrap.min.css HTTP/1.1" 304 -
0:0:0:0:0:0:0:1 - - [14/Mar/2017:16:27:43 +0100] "GET /?form HTTP/1.1" 200 2230
0:0:0:0:0:0:0:1 - - [14/Mar/2017:16:27:48 +0100] "POST /?form HTTP/1.1" 302 -
0:0:0:0:0:0:0:1 - - [14/Mar/2017:16:27:48 +0100] "GET /1 HTTP/1.1" 200 2249
0:0:0:0:0:0:0:1 - - [14/Mar/2017:16:27:53 +0100] "GET /modify/1 HTTP/1.1" 200 2237
0:0:0:0:0:0:0:1 - - [14/Mar/2017:16:28:17 +0100] "GET /thread/kk HTTP/1.1" 404 306
0:0:0:0:0:0:0:1 - - [14/Mar/2017:16:28:23 +0100] "GET /thread HTTP/1.1" 500 378
0:0:0:0:0:0:0:1 - - [14/Mar/2017:16:28:35 +0100] "GET /threads HTTP/1.1" 400 672
0:0:0:0:0:0:0:1 - - [14/Mar/2017:16:28:41 +0100] "GET /thread/list HTTP/1.1" 404 306
0:0:0:0:0:0:0:1 - - [14/Mar/2017:16:28:50 +0100] "GET / HTTP/1.1" 200 2230
0:0:0:0:0:0:0:1 - - [14/Mar/2017:16:28:53 +0100] "GET /?form HTTP/1.1" 200 2230
0:0:0:0:0:0:0:1 - - [14/Mar/2017:16:28:55 +0100] "POST /?form HTTP/1.1" 200 2327
0:0:0:0:0:0:0:1 - - [14/Mar/2017:16:28:57 +0100] "POST /?form HTTP/1.1" 302 -
0:0:0:0:0:0:0:1 - - [14/Mar/2017:16:28:57 +0100] "GET /2 HTTP/1.1" 200 2247
0:0:0:0:0:0:0:1 - - [14/Mar/2017:16:28:58 +0100] "GET / HTTP/1.1" 200 2353
0:0:0:0:0:0:0:1 - - [14/Mar/2017:16:28:59 +0100] "GET /?form HTTP/1.1" 200 2230
0:0:0:0:0:0:0:1 - - [14/Mar/2017:16:29:02 +0100] "POST /?form HTTP/1.1" 302 -
0:0:0:0:0:0:0:1 - - [14/Mar/2017:16:29:02 +0100] "GET /3 HTTP/1.1" 200 2253
0:0:0:0:0:0:0:1 - - [14/Mar/2017:16:29:02 +0100] "GET / HTTP/1.1" 200 2478
0:0:0:0:0:0:0:1 - - [14/Mar/2017:22:47:18 +0100] "GET / HTTP/1.1" 200 2170
0:0:0:0:0:0:0:1 - - [14/Mar/2017:22:47:18 +0100] "GET /css/bootstrap.min.css HTTP/1.1" 304 -
0:0:0:0:0:0:0:1 - - [14/Mar/2017:22:47:18 +0100] "GET /favicon.ico HTTP/1.1" 200 2862
0:0:0:0:0:0:0:1 - - [14/Mar/2017:22:47:32 +0100] "GET /threads/jkjh HTTP/1.1" 404 306
0:0:0:0:0:0:0:1 - - [14/Mar/2017:22:47:56 +0100] "GET /threads/list HTTP/1.1" 404 306
0:0:0:0:0:0:0:1 - - [14/Mar/2017:22:48:03 +0100] "GET / HTTP/1.1" 200 2170
0:0:0:0:0:0:0:1 - - [14/Mar/2017:22:48:05 +0100] "GET / HTTP/1.1" 200 2170
0:0:0:0:0:0:0:1 - - [14/Mar/2017:22:48:15 +0100] "GET /?form HTTP/1.1" 200 2230
0:0:0:0:0:0:0:1 - - [14/Mar/2017:22:48:18 +0100] "GET / HTTP/1.1" 200 2170
0:0:0:0:0:0:0:1 - - [14/Mar/2017:22:48:18 +0100] "GET / HTTP/1.1" 200 2170
0:0:0:0:0:0:0:1 - - [14/Mar/2017:22:53:48 +0100] "GET /messages HTTP/1.1" 400 674
0:0:0:0:0:0:0:1 - - [14/Mar/2017:22:53:56 +0100] "GET / HTTP/1.1" 200 2170
0:0:0:0:0:0:0:1 - - [14/Mar/2017:22:53:58 +0100] "GET / HTTP/1.1" 200 2170
0:0:0:0:0:0:0:1 - - [14/Mar/2017:22:53:59 +0100] "GET /?form HTTP/1.1" 200 2230
0:0:0:0:0:0:0:1 - - [14/Mar/2017:22:54:04 +0100] "POST /?form HTTP/1.1" 302 -
0:0:0:0:0:0:0:1 - - [14/Mar/2017:22:54:04 +0100] "GET /1;jsessionid=E98C8E50C4F370E3BF88F8997A38136B HTTP/1.1" 200 2248
0:0:0:0:0:0:0:1 - - [14/Mar/2017:22:54:07 +0100] "GET / HTTP/1.1" 200 2231
0:0:0:0:0:0:0:1 - - [14/Mar/2017:22:55:19 +0100] "GET / HTTP/1.1" 200 2231
0:0:0:0:0:0:0:1 - - [14/Mar/2017:22:55:59 +0100] "GET /1 HTTP/1.1" 200 2175
0:0:0:0:0:0:0:1 - - [14/Mar/2017:22:56:06 +0100] "GET /1 HTTP/1.1" 200 2175
0:0:0:0:0:0:0:1 - - [14/Mar/2017:22:56:26 +0100] "GET /thread HTTP/1.1" 500 378
0:0:0:0:0:0:0:1 - - [14/Mar/2017:22:57:34 +0100] "GET /thread HTTP/1.1" 200 2146
0:0:0:0:0:0:0:1 - - [14/Mar/2017:22:57:34 +0100] "GET /favicon.ico HTTP/1.1" 200 2862
0:0:0:0:0:0:0:1 - - [14/Mar/2017:22:57:43 +0100] "GET /threads/test HTTP/1.1" 404 306
0:0:0:0:0:0:0:1 - - [14/Mar/2017:22:58:38 +0100] "GET /thread/test HTTP/1.1" 404 306
0:0:0:0:0:0:0:1 - - [14/Mar/2017:22:58:42 +0100] "GET /thread/test HTTP/1.1" 404 306
0:0:0:0:0:0:0:1 - - [14/Mar/2017:22:59:01 +0100] "GET /thread/test HTTP/1.1" 404 306
0:0:0:0:0:0:0:1 - - [14/Mar/2017:23:00:15 +0100] "GET / HTTP/1.1" 200 2170
0:0:0:0:0:0:0:1 - - [14/Mar/2017:23:00:15 +0100] "GET /css/bootstrap.min.css HTTP/1.1" 200 83054
0:0:0:0:0:0:0:1 - - [14/Mar/2017:23:00:15 +0100] "GET /thread/test HTTP/1.1" 404 306
0:0:0:0:0:0:0:1 - - [14/Mar/2017:23:00:15 +0100] "GET /favicon.ico HTTP/1.1" 200 2862
0:0:0:0:0:0:0:1 - - [14/Mar/2017:23:00:16 +0100] "GET /favicon.ico HTTP/1.1" 200 2862
0:0:0:0:0:0:0:1 - - [14/Mar/2017:23:00:22 +0100] "GET /thread/test HTTP/1.1" 404 306
0:0:0:0:0:0:0:1 - - [14/Mar/2017:23:00:38 +0100] "GET /thread HTTP/1.1" 200 2146
0:0:0:0:0:0:0:1 - - [14/Mar/2017:23:00:45 +0100] "GET /thread/tesffg HTTP/1.1" 404 306
0:0:0:0:0:0:0:1 - - [14/Mar/2017:23:00:49 +0100] "GET /thread/%7Btest%7D HTTP/1.1" 404 306
0:0:0:0:0:0:0:1 - - [14/Mar/2017:23:00:51 +0100] "GET /thread/%7Btest%7D HTTP/1.1" 404 306
0:0:0:0:0:0:0:1 - - [14/Mar/2017:23:00:58 +0100] "GET /1 HTTP/1.1" 500 381
0:0:0:0:0:0:0:1 - - [14/Mar/2017:23:10:25 +0100] "GET / HTTP/1.1" 200 2170
0:0:0:0:0:0:0:1 - - [14/Mar/2017:23:10:35 +0100] "GET /thread HTTP/1.1" 200 2146
0:0:0:0:0:0:0:1 - - [14/Mar/2017:23:10:40 +0100] "GET /thread/test HTTP/1.1" 404 306
0:0:0:0:0:0:0:1 - - [14/Mar/2017:23:15:28 +0100] "GET /thread/rr HTTP/1.1" 404 306
0:0:0:0:0:0:0:1 - - [14/Mar/2017:23:15:31 +0100] "GET /thread/rr HTTP/1.1" 404 306
0:0:0:0:0:0:0:1 - - [14/Mar/2017:23:15:31 +0100] "GET /favicon.ico HTTP/1.1" 200 2862
0:0:0:0:0:0:0:1 - - [14/Mar/2017:23:16:47 +0100] "GET /thread/rr HTTP/1.1" 404 306
0:0:0:0:0:0:0:1 - - [14/Mar/2017:23:16:47 +0100] "GET /favicon.ico HTTP/1.1" 200 2862
0:0:0:0:0:0:0:1 - - [14/Mar/2017:23:18:58 +0100] "GET /thread/rr HTTP/1.1" 404 306
0:0:0:0:0:0:0:1 - - [14/Mar/2017:23:18:58 +0100] "GET /favicon.ico HTTP/1.1" 200 2862
0:0:0:0:0:0:0:1 - - [14/Mar/2017:23:19:05 +0100] "GET /thread/1 HTTP/1.1" 404 306
0:0:0:0:0:0:0:1 - - [14/Mar/2017:23:19:12 +0100] "GET /1 HTTP/1.1" 500 381
0:0:0:0:0:0:0:1 - - [14/Mar/2017:23:21:19 +0100] "GET / HTTP/1.1" 200 2170
0:0:0:0:0:0:0:1 - - [14/Mar/2017:23:21:26 +0100] "GET /thread/4 HTTP/1.1" 200 2146
0:0:0:0:0:0:0:1 - - [14/Mar/2017:23:21:32 +0100] "GET /thread/test HTTP/1.1" 200 2146
0:0:0:0:0:0:0:1 - - [14/Mar/2017:23:21:38 +0100] "GET / HTTP/1.1" 200 2170
