0:0:0:0:0:0:0:1 - - [23/Mar/2017:10:38:44 +0100] "GET / HTTP/1.1" 200 2170
0:0:0:0:0:0:0:1 - - [23/Mar/2017:10:38:44 +0100] "GET /css/bootstrap.min.css HTTP/1.1" 200 83054
0:0:0:0:0:0:0:1 - - [23/Mar/2017:10:38:44 +0100] "GET /favicon.ico HTTP/1.1" 200 2862
0:0:0:0:0:0:0:1 - - [23/Mar/2017:10:38:47 +0100] "GET / HTTP/1.1" 200 2170
0:0:0:0:0:0:0:1 - - [23/Mar/2017:10:47:40 +0100] "GET / HTTP/1.1" 500 472
0:0:0:0:0:0:0:1 - - [23/Mar/2017:10:47:40 +0100] "GET /favicon.ico HTTP/1.1" 200 2862
0:0:0:0:0:0:0:1 - - [23/Mar/2017:10:47:43 +0100] "GET / HTTP/1.1" 500 472
0:0:0:0:0:0:0:1 - - [23/Mar/2017:10:47:43 +0100] "GET /favicon.ico HTTP/1.1" 200 2862
0:0:0:0:0:0:0:1 - - [23/Mar/2017:10:50:53 +0100] "GET / HTTP/1.1" 404 306
0:0:0:0:0:0:0:1 - - [23/Mar/2017:10:50:53 +0100] "GET /favicon.ico HTTP/1.1" 200 2862
0:0:0:0:0:0:0:1 - - [23/Mar/2017:10:54:24 +0100] "GET / HTTP/1.1" 404 306
0:0:0:0:0:0:0:1 - - [23/Mar/2017:10:54:24 +0100] "GET /favicon.ico HTTP/1.1" 200 2862
0:0:0:0:0:0:0:1 - - [23/Mar/2017:10:54:28 +0100] "GET /home HTTP/1.1" 500 452
0:0:0:0:0:0:0:1 - - [23/Mar/2017:10:54:40 +0100] "GET /boards HTTP/1.1" 500 472
0:0:0:0:0:0:0:1 - - [23/Mar/2017:10:54:45 +0100] "GET /home HTTP/1.1" 500 452
0:0:0:0:0:0:0:1 - - [23/Mar/2017:11:01:46 +0100] "GET / HTTP/1.1" 200 1932
0:0:0:0:0:0:0:1 - - [23/Mar/2017:11:01:46 +0100] "GET /js/bootstrap.min.js HTTP/1.1" 200 37051
0:0:0:0:0:0:0:1 - - [23/Mar/2017:11:01:46 +0100] "GET /css/site.css HTTP/1.1" 200 231
0:0:0:0:0:0:0:1 - - [23/Mar/2017:11:01:46 +0100] "GET /js/jquery-3.1.1.js HTTP/1.1" 200 277414
0:0:0:0:0:0:0:1 - - [23/Mar/2017:11:01:49 +0100] "GET / HTTP/1.1" 200 1932
0:0:0:0:0:0:0:1 - - [23/Mar/2017:11:02:40 +0100] "GET / HTTP/1.1" 200 3192
0:0:0:0:0:0:0:1 - - [23/Mar/2017:11:02:40 +0100] "GET /favicon.ico HTTP/1.1" 200 2862
0:0:0:0:0:0:0:1 - - [23/Mar/2017:11:03:13 +0100] "GET /thread/Hardware HTTP/1.1" 500 640
0:0:0:0:0:0:0:1 - - [23/Mar/2017:11:07:52 +0100] "GET / HTTP/1.1" 500 452
0:0:0:0:0:0:0:1 - - [23/Mar/2017:11:09:58 +0100] "GET / HTTP/1.1" 200 1584
0:0:0:0:0:0:0:1 - - [23/Mar/2017:11:09:58 +0100] "GET /js/bootstrap.min.js HTTP/1.1" 304 -
0:0:0:0:0:0:0:1 - - [23/Mar/2017:11:09:58 +0100] "GET /css/site.css HTTP/1.1" 304 -
0:0:0:0:0:0:0:1 - - [23/Mar/2017:11:09:58 +0100] "GET /js/jquery-3.1.1.js HTTP/1.1" 304 -
0:0:0:0:0:0:0:1 - - [23/Mar/2017:11:09:58 +0100] "GET /favicon.ico HTTP/1.1" 200 2862
0:0:0:0:0:0:0:1 - - [23/Mar/2017:11:10:06 +0100] "GET /board HTTP/1.1" 200 2453
