0:0:0:0:0:0:0:1 - - [27/Feb/2017:13:49:10 +0100] "GET / HTTP/1.1" 200 894
0:0:0:0:0:0:0:1 - - [27/Feb/2017:13:49:10 +0100] "GET /css/bootstrap.min.css HTTP/1.1" 304 -
0:0:0:0:0:0:0:1 - - [27/Feb/2017:13:49:15 +0100] "GET /?form HTTP/1.1" 200 955
0:0:0:0:0:0:0:1 - - [27/Feb/2017:13:49:23 +0100] "POST /?form HTTP/1.1" 302 -
0:0:0:0:0:0:0:1 - - [27/Feb/2017:13:49:23 +0100] "GET /1;jsessionid=812FE4DF1B7FFB3E0BF22117DCE4ED54 HTTP/1.1" 200 973
0:0:0:0:0:0:0:1 - - [27/Feb/2017:13:49:26 +0100] "GET / HTTP/1.1" 200 958
0:0:0:0:0:0:0:1 - - [27/Feb/2017:13:49:31 +0100] "GET / HTTP/1.1" 200 958
0:0:0:0:0:0:0:1 - - [27/Feb/2017:13:49:39 +0100] "GET /phpmyadmin HTTP/1.1" 400 681
0:0:0:0:0:0:0:1 - - [27/Feb/2017:15:02:22 +0100] "GET / HTTP/1.1" 200 894
0:0:0:0:0:0:0:1 - - [27/Feb/2017:15:02:24 +0100] "GET / HTTP/1.1" 200 894
0:0:0:0:0:0:0:1 - - [27/Feb/2017:15:02:30 +0100] "GET /thread HTTP/1.1" 200 778
0:0:0:0:0:0:0:1 - - [27/Feb/2017:15:03:57 +0100] "GET /thread HTTP/1.1" 200 821
0:0:0:0:0:0:0:1 - - [27/Feb/2017:15:03:57 +0100] "GET /favicon.ico HTTP/1.1" 200 2862
0:0:0:0:0:0:0:1 - - [27/Feb/2017:15:05:15 +0100] "GET /thread HTTP/1.1" 200 820
0:0:0:0:0:0:0:1 - - [27/Feb/2017:15:05:15 +0100] "GET /favicon.ico HTTP/1.1" 200 2862
0:0:0:0:0:0:0:1 - - [27/Feb/2017:15:06:36 +0100] "GET /thread HTTP/1.1" 200 897
0:0:0:0:0:0:0:1 - - [27/Feb/2017:15:06:36 +0100] "GET /favicon.ico HTTP/1.1" 200 2862
0:0:0:0:0:0:0:1 - - [27/Feb/2017:15:06:54 +0100] "GET / HTTP/1.1" 200 894
0:0:0:0:0:0:0:1 - - [27/Feb/2017:15:06:58 +0100] "GET /?form HTTP/1.1" 200 955
0:0:0:0:0:0:0:1 - - [27/Feb/2017:15:07:03 +0100] "POST /?form HTTP/1.1" 302 -
0:0:0:0:0:0:0:1 - - [27/Feb/2017:15:07:03 +0100] "GET /1;jsessionid=ABE2C934F6EF744CD55F7F9FC8A1DADC HTTP/1.1" 200 973
0:0:0:0:0:0:0:1 - - [27/Feb/2017:15:07:06 +0100] "GET / HTTP/1.1" 200 958
0:0:0:0:0:0:0:1 - - [27/Feb/2017:15:07:08 +0100] "GET /1 HTTP/1.1" 200 900
0:0:0:0:0:0:0:1 - - [27/Feb/2017:15:07:10 +0100] "GET /modify/1 HTTP/1.1" 200 964
0:0:0:0:0:0:0:1 - - [27/Feb/2017:15:07:11 +0100] "POST /?form HTTP/1.1" 302 -
0:0:0:0:0:0:0:1 - - [27/Feb/2017:15:07:12 +0100] "GET /1 HTTP/1.1" 200 973
0:0:0:0:0:0:0:1 - - [27/Feb/2017:15:07:13 +0100] "GET /delete/1 HTTP/1.1" 200 958
0:0:0:0:0:0:0:1 - - [27/Feb/2017:15:07:19 +0100] "GET /delete/1 HTTP/1.1" 200 958
0:0:0:0:0:0:0:1 - - [27/Feb/2017:15:07:19 +0100] "GET /favicon.ico HTTP/1.1" 200 2862
0:0:0:0:0:0:0:1 - - [27/Feb/2017:15:07:22 +0100] "GET /1 HTTP/1.1" 200 900
0:0:0:0:0:0:0:1 - - [27/Feb/2017:15:07:24 +0100] "GET /delete/1 HTTP/1.1" 200 958
0:0:0:0:0:0:0:1 - - [27/Feb/2017:15:07:26 +0100] "GET / HTTP/1.1" 200 958
0:0:0:0:0:0:0:1 - - [27/Feb/2017:15:07:39 +0100] "GET /1 HTTP/1.1" 200 900
0:0:0:0:0:0:0:1 - - [27/Feb/2017:15:07:47 +0100] "GET /modify/1 HTTP/1.1" 200 964
0:0:0:0:0:0:0:1 - - [27/Feb/2017:15:07:50 +0100] "POST /?form HTTP/1.1" 302 -
0:0:0:0:0:0:0:1 - - [27/Feb/2017:15:07:50 +0100] "GET /1 HTTP/1.1" 200 975
0:0:0:0:0:0:0:1 - - [27/Feb/2017:15:07:53 +0100] "GET / HTTP/1.1" 200 960
0:0:0:0:0:0:0:1 - - [27/Feb/2017:15:08:06 +0100] "GET /thread HTTP/1.1" 200 897
0:0:0:0:0:0:0:1 - - [27/Feb/2017:15:09:48 +0100] "GET / HTTP/1.1" 200 960
0:0:0:0:0:0:0:1 - - [27/Feb/2017:15:10:44 +0100] "GET / HTTP/1.1" 200 894
0:0:0:0:0:0:0:1 - - [27/Feb/2017:15:10:44 +0100] "GET /favicon.ico HTTP/1.1" 200 2862
0:0:0:0:0:0:0:1 - - [27/Feb/2017:15:10:49 +0100] "GET /thread HTTP/1.1" 200 863
0:0:0:0:0:0:0:1 - - [27/Feb/2017:16:05:47 +0100] "GET / HTTP/1.1" 200 894
0:0:0:0:0:0:0:1 - - [27/Feb/2017:16:05:56 +0100] "GET /?form HTTP/1.1" 200 955
0:0:0:0:0:0:0:1 - - [27/Feb/2017:16:06:03 +0100] "POST /?form HTTP/1.1" 302 -
0:0:0:0:0:0:0:1 - - [27/Feb/2017:16:06:03 +0100] "GET /1 HTTP/1.1" 200 976
0:0:0:0:0:0:0:1 - - [27/Feb/2017:16:06:05 +0100] "GET / HTTP/1.1" 200 959
